<?xml version="1.0" encoding="UTF-8"?>
<!-- Generated by org.testng.reporters.JUnitReportReporter -->
<testsuite hostname="DESKTOP-K6AB42U" failures="0" tests="1" name="tests.FourTest" time="0.029" errors="0" timestamp="2024-07-05T22:22:51 IST" skipped="0">
  <testcase classname="tests.FourTest" name="testfour" time="0.029"/>
</testsuite> <!-- tests.FourTest -->
