<?xml version="1.0" encoding="UTF-8"?>
<!-- Generated by org.testng.reporters.JUnitReportReporter -->
<testsuite hostname="DESKTOP-K6AB42U" failures="0" tests="2" name="tests.LoginTest" time="31.060" errors="0" timestamp="2024-07-05T22:22:51 IST" skipped="0">
  <testcase classname="tests.LoginTest" name="login" time="12.624"/>
  <testcase classname="tests.LoginTest" name="login" time="18.436"/>
</testsuite> <!-- tests.LoginTest -->
